257 208
244 364
251 296
314 356
264 222
144 309
197 280
221 276
220 169
120 213
280 261
257 293
284 120
120 231
120 226
174 280
320 220
120 360
220 380
120 120
228 220
220 380
139 183
280 213
300 253
120 380
256 120
380 220
231 360
203 286
350 129
220 242
287 188
284 280
371 120
120 280
120 225
380 380
302 264
209 370
280 283
162 280
280 184
313 200
233 170
275 340
380 201
223 283
156 120
280 268
324 264
380 172
280 280
200 247
171 332
264 356
147 280
225 354
311 220
171 181
120 314
280 220
205 277
226 380
220 193
280 194
220 120
239 280
380 185
123 177
174 337
220 280
164 251
149 191
280 380
220 180
210 220
123 264
134 262
245 247
380 280
380 246
220 280
338 280
196 366
280 214
273 146
303 207
271 220
160 184
281 199
277 120
220 223
133 263
311 219
279 212
220 120
308 120
120 376
266 196
120 341
261 248
236 146
249 380
278 272
232 187
175 343
280 280
296 216
380 220
380 329
263 317
220 171
270 297
315 220
268 231
361 280
265 220
315 120
146 122
181 328
321 199
337 220
351 343
120 220
301 120
310 280
192 250
120 138
324 337
380 358
201 287
225 120
280 337
332 380
190 338
252 238
280 220
216 272
200 261
280 340
289 347
280 258
280 225
299 197
280 275
380 342
220 269
380 165
222 201
283 147
249 354
143 127
280 255
358 280
219 220
300 170
137 380
380 147
243 204
220 251
234 335
172 274
243 202
153 365
259 380
178 311
280 210
310 154
188 207
120 133
271 373
327 243
193 120
371 280
229 260
272 224
158 259
227 270
325 140
191 280
136 220
221 259
264 180
213 280
245 120
159 120
380 231
170 280
350 280
270 188
245 275
288 260
344 120
160 120
332 200
268 130
220 333
237 120
195 163
280 314
120 174
355 196
125 120
162 233
220 380
241 211
227 120
333 236
261 180
331 253
120 235
288 263
243 220
370 233
193 280
337 380
220 260
280 267
120 134
299 131
266 257
380 120
120 280
130 380
205 276
120 177
186 319
160 280
162 220
341 205
229 280
220 247
123 233
228 363
120 255
234 349
163 142
280 348
226 380
193 208
296 205
120 195
253 221
185 120
260 120
202 253
380 285
220 206
145 321
195 132
120 145
302 121
120 380
350 380
221 193
220 239
120 275
301 380
362 310
251 214
248 302
332 271
274 260
120 323
203 227
203 172
194 120
380 252
310 262
280 240
212 206
352 120
137 279
226 208
270 128
380 316
126 238
220 280
220 220
238 242
273 214
247 264
244 316
274 166
144 257
232 157
256 226
267 208
220 120
272 380
140 280
154 380
120 120
373 332
280 380
156 350
226 371
192 380
220 224
278 120
366 260
326 219
184 220
192 182
168 183
157 120
202 198
366 227
203 220
380 315
288 212
193 301
272 279
120 316
142 120
220 280
227 311
264 141
263 376
222 160
280 220
227 259
174 281
337 356
202 220
380 244
220 121
220 120
380 308
125 120
241 155
224 122
345 295
241 337
274 278
380 298
380 220
280 379
380 220
182 380
120 380
380 331
259 335
280 369
220 120
380 120
348 380
120 280
120 147
193 220
120 283
380 319
271 342
220 220
367 220
120 372
367 120
320 280
257 280
380 370
120 300
120 128
333 272
307 120
366 220
220 120
280 335
246 280
366 315
130 198
230 361
293 265
380 280
124 269
284 380
226 380
120 339
250 179
220 120
233 276
168 220
151 331
252 226
329 352
190 317
359 191
252 341
240 355
296 168
220 255
255 349
176 229
220 379
243 120
227 197
293 289
220 380
349 268
380 210
